0: c3_lazy_11,10,0,1
1: c3_lazy_11,9,0,1
2: c3_lazy_11,6,0,1
3: c3_lazy_11,5,0,1
4: c3_lazy_11,4,0,1
5: c3_lazy_11,3,0,1
6: c3_lazy_11,2,0,1
7: c3_lazy_11,1,0,1
8: c3_lazy_15,14,10,2
9: c3_lazy_15,13,10,2
10: c3_lazy_15,11,10,2
11: c3_lazy_18,2,9,3
12: c3_lazy_18,4,9,3
13: c3_lazy_18,5,9,3
14: c3_lazy_18,6,9,3
15: c3_lazy_18,7,9,3
16: c3_lazy_18,8,9,3
17: c3_lazy_32,4,19,4
18: c3_lazy_32,3,19,4
19: c3_lazy_32,18,19,4
20: c3_lazy_27,2,19,0
21: c3_lazy_28,27,1,1
22: c3_lazy_28,26,1,1
23: c3_lazy_28,25,1,1
24: c3_lazy_28,5,1,1
25: c3_lazy_28,4,1,1
26: c3_lazy_28,3,1,1
27: c3_lazy_32,31,30,4
28: c3_lazy_26,5,19,1
29: c3_lazy_26,4,19,1
30: c3_lazy_26,3,19,1
31: c3_lazy_26,2,19,1
32: c3_lazy_28,27,0,0
33: c3_lazy_28,26,0,0
34: c3_lazy_28,25,0,0
35: c3_lazy_28,5,0,0
36: c3_lazy_28,4,0,0
37: c3_lazy_28,3,0,0
38: c3_lazy_28,2,0,0
39: c3_lazy_28,1,0,0
40: c3_lazy_32,31,19,4
41: c3_lazy_32,30,19,4
42: c3_lazy_32,29,19,4
43: c3_lazy_32,28,19,4
44: c3_lazy_25,5,22,1
45: c3_lazy_25,4,22,1
46: c3_lazy_25,3,22,1
47: c3_lazy_31,30,19,3
48: c3_lazy_31,29,19,3
49: c3_lazy_31,28,19,3
50: c3_lazy_31,27,19,3
51: c3_lazy_31,26,19,3
52: c3_lazy_31,25,19,3
53: c3_lazy_31,5,19,3
54: c3_lazy_31,4,19,3
55: c3_lazy_31,3,19,3
56: c3_lazy_31,2,19,3
57: c3_lazy_31,18,19,3
58: c3_lazy_32,31,25,4
59: c3_lazy_32,30,25,4
60: c3_lazy_32,29,25,4
61: c3_lazy_32,28,25,4
62: c3_lazy_28,8,10,0
63: c3_lazy_30,29,20,2
64: c3_lazy_30,28,20,2
65: c3_lazy_30,27,20,2
66: c3_lazy_30,26,20,2
67: c3_lazy_30,25,20,2
68: c3_lazy_30,5,20,2
69: c3_lazy_30,4,20,2
70: c3_lazy_30,3,20,2
71: c3_lazy_30,2,20,2
72: c3_lazy_30,18,20,2
73: c3_lazy_30,19,20,2
74: c3_lazy_31,30,15,3
75: c3_lazy_31,29,15,3
76: c3_lazy_31,28,15,3
77: c3_lazy_31,27,15,3
78: c3_lazy_31,26,15,3
79: c3_lazy_31,25,15,3
80: c3_lazy_31,6,15,3
81: c3_lazy_31,7,15,3
82: c3_lazy_31,8,15,3
83: c3_lazy_31,9,15,3
84: c3_lazy_31,10,15,3
85: c3_lazy_31,11,15,3
86: c3_lazy_31,12,15,3
87: c3_lazy_31,13,15,3
88: c3_lazy_31,14,15,3
89: c3_lazy_24,23,19,0
90: c3_lazy_24,22,19,0
91: c3_lazy_32,31,29,4
92: c3_lazy_32,30,29,4
93: c3_lazy_27,25,10,0
94: c3_lazy_27,6,10,0
95: c3_lazy_28,27,19,1
96: c3_lazy_28,26,19,1
97: c3_lazy_28,5,19,1
98: c3_lazy_28,4,19,1
99: c3_lazy_28,3,19,1
100: c3_lazy_28,2,19,1
101: c3_lazy_28,18,19,1
102: c3_lazy_30,28,14,2
103: c3_lazy_30,27,14,2
104: c3_lazy_30,26,14,2
105: c3_lazy_30,25,14,2
106: c3_lazy_30,6,14,2
107: c3_lazy_30,7,14,2
108: c3_lazy_30,8,14,2
109: c3_lazy_30,9,14,2
110: c3_lazy_30,10,14,2
111: c3_lazy_30,11,14,2
112: c3_lazy_30,12,14,2
113: c3_lazy_30,13,14,2
114: c3_lazy_32,31,22,4
115: c3_lazy_32,30,22,4
116: c3_lazy_32,29,22,4
117: c3_lazy_32,28,22,4
118: c3_lazy_32,27,22,4
119: c3_lazy_32,26,22,4
120: c3_lazy_32,25,22,4
121: c3_lazy_32,5,22,4
122: c3_lazy_32,4,22,4
123: c3_lazy_26,22,24,0
124: c3_lazy_28,27,22,2
125: c3_lazy_28,26,22,2
126: c3_lazy_28,25,22,2
127: c3_lazy_28,5,22,2
128: c3_lazy_28,4,22,2
129: c3_lazy_28,3,22,2
130: c3_lazy_25,5,0,0
131: c3_lazy_25,4,0,0
132: c3_lazy_25,3,0,0
133: c3_lazy_25,2,0,0
134: c3_lazy_25,1,0,0
135: c3_lazy_26,25,19,1
136: c3_lazy_30,28,22,3
137: c3_lazy_30,27,22,3
138: c3_lazy_30,26,22,3
139: c3_lazy_30,25,22,3
140: c3_lazy_30,5,22,3
141: c3_lazy_30,4,22,3
142: c3_lazy_30,3,22,3
143: c3_lazy_32,30,14,4
144: c3_lazy_32,29,14,4
145: c3_lazy_32,28,14,4
146: c3_lazy_32,27,14,4
147: c3_lazy_32,26,14,4
148: c3_lazy_32,25,14,4
149: c3_lazy_32,6,14,4
150: c3_lazy_32,7,14,4
151: c3_lazy_32,8,14,4
152: c3_lazy_32,9,14,4
153: c3_lazy_32,10,14,4
154: c3_lazy_32,11,14,4
155: c3_lazy_32,12,14,4
156: c3_lazy_32,13,14,4
157: c3_lazy_32,31,24,4
158: c3_lazy_32,30,24,4
159: c3_lazy_32,29,24,4
160: c3_lazy_32,28,24,4
161: c3_lazy_32,27,24,4
162: c3_lazy_32,26,24,4
163: c3_lazy_32,25,24,4
164: c3_lazy_32,5,24,4
165: c3_lazy_32,4,24,4
166: c3_lazy_32,3,24,4
167: c3_lazy_32,22,24,4
168: c3_lazy_32,23,24,4
169: c3_lazy_28,18,19,0
170: c3_lazy_32,31,20,4
171: c3_lazy_32,30,20,4
172: c3_lazy_32,29,20,4
173: c3_lazy_32,28,20,4
174: c3_lazy_32,27,20,4
175: c3_lazy_32,26,20,4
176: c3_lazy_32,25,20,4
177: c3_lazy_32,5,20,4
178: c3_lazy_32,4,20,4
179: c3_lazy_32,3,20,4
180: c3_lazy_32,2,20,4
181: c3_lazy_32,19,20,4
182: c3_lazy_16,14,9,0
183: c3_lazy_16,13,9,0
184: c3_lazy_16,12,9,0
185: c3_lazy_16,10,9,0
186: c3_lazy_17,16,10,1
187: c3_lazy_17,15,10,1
188: c3_lazy_17,14,10,1
189: c3_lazy_17,12,10,1
190: c3_lazy_17,11,10,1
191: c3_lazy_28,6,14,2
192: c3_lazy_28,7,14,2
193: c3_lazy_28,8,14,2
194: c3_lazy_28,9,14,2
195: c3_lazy_28,10,14,2
196: c3_lazy_28,11,14,2
197: c3_lazy_28,12,14,2
198: c3_lazy_28,13,14,2
199: c3_lazy_30,28,19,3
200: c3_lazy_30,27,19,3
201: c3_lazy_30,26,19,3
202: c3_lazy_30,25,19,3
203: c3_lazy_30,5,19,3
204: c3_lazy_30,4,19,3
205: c3_lazy_30,3,19,3
206: c3_lazy_30,2,19,3
207: c3_lazy_30,18,19,3
208: c3_lazy_32,30,18,4
209: c3_lazy_32,29,18,4
210: c3_lazy_32,28,18,4
211: c3_lazy_32,27,18,4
212: c3_lazy_32,26,18,4
213: c3_lazy_32,25,18,4
214: c3_lazy_32,5,18,4
215: c3_lazy_32,4,18,4
216: c3_lazy_32,3,18,4
217: c3_lazy_32,2,18,4
218: c3_lazy_31,30,27,3
219: c3_lazy_31,29,27,3
220: c3_lazy_31,28,27,3
221: c3_lazy_25,10,15,0
222: c3_lazy_25,14,15,0
223: c3_lazy_28,27,10,1
224: c3_lazy_28,25,10,1
225: c3_lazy_28,6,10,1
226: c3_lazy_28,7,10,1
227: c3_lazy_28,8,10,1
228: c3_lazy_28,9,10,1
229: c3_lazy_30,28,19,2
230: c3_lazy_30,26,19,2
231: c3_lazy_30,25,19,2
232: c3_lazy_30,5,19,2
233: c3_lazy_30,4,19,2
234: c3_lazy_30,3,19,2
235: c3_lazy_30,2,19,2
236: c3_lazy_31,30,22,3
237: c3_lazy_31,29,22,3
238: c3_lazy_31,28,22,3
239: c3_lazy_31,27,22,3
240: c3_lazy_31,26,22,3
241: c3_lazy_31,25,22,3
242: c3_lazy_31,5,22,3
243: c3_lazy_31,4,22,3
244: c3_lazy_31,3,22,3
245: c3_lazy_28,27,19,0
246: c3_lazy_28,26,19,0
247: c3_lazy_28,25,19,0
248: c3_lazy_28,5,19,0
249: c3_lazy_28,4,19,0
250: c3_lazy_28,3,19,0
251: c3_lazy_28,2,19,0
252: c3_lazy_29,28,0,1
253: c3_lazy_29,27,0,1
254: c3_lazy_29,26,0,1
255: c3_lazy_29,25,0,1
256: c3_lazy_29,5,0,1
257: c3_lazy_29,4,0,1
258: c3_lazy_29,3,0,1
259: c3_lazy_29,2,0,1
260: c3_lazy_29,1,0,1
261: c3_lazy_30,29,25,2
262: c3_lazy_30,28,25,2
263: c3_lazy_30,27,25,2
264: c3_lazy_31,30,20,3
265: c3_lazy_31,29,20,3
266: c3_lazy_31,28,20,3
267: c3_lazy_31,27,20,3
268: c3_lazy_31,26,20,3
269: c3_lazy_31,25,20,3
270: c3_lazy_31,5,20,3
271: c3_lazy_31,4,20,3
272: c3_lazy_31,3,20,3
273: c3_lazy_31,2,20,3
274: c3_lazy_31,18,20,3
275: c3_lazy_31,19,20,3
276: c3_lazy_32,31,10,4
277: c3_lazy_32,30,10,4
278: c3_lazy_32,29,10,4
279: c3_lazy_32,28,10,4
280: c3_lazy_32,26,10,4
281: c3_lazy_32,25,10,4
282: c3_lazy_32,6,10,4
283: c3_lazy_32,7,10,4
284: c3_lazy_32,8,10,4
285: c3_lazy_32,9,10,4
286: c3_lazy_16,6,1,0
287: c3_lazy_16,5,1,0
288: c3_lazy_16,4,1,0
289: c3_lazy_16,3,1,0
290: c3_lazy_16,2,1,0
291: c3_lazy_17,16,6,1
292: c3_lazy_17,15,6,1
293: c3_lazy_17,14,6,1
294: c3_lazy_17,13,6,1
295: c3_lazy_17,12,6,1
296: c3_lazy_17,11,6,1
297: c3_lazy_17,10,6,1
298: c3_lazy_17,9,6,1
299: c3_lazy_17,8,6,1
300: c3_lazy_17,7,6,1
301: c3_lazy_31,30,24,3
302: c3_lazy_31,29,24,3
303: c3_lazy_31,28,24,3
304: c3_lazy_31,27,24,3
305: c3_lazy_31,26,24,3
306: c3_lazy_31,25,24,3
307: c3_lazy_31,5,24,3
308: c3_lazy_31,4,24,3
309: c3_lazy_31,3,24,3
310: c3_lazy_31,22,24,3
311: c3_lazy_31,23,24,3
312: c3_lazy_32,31,23,4
313: c3_lazy_32,30,23,4
314: c3_lazy_32,29,23,4
315: c3_lazy_32,28,23,4
316: c3_lazy_32,27,23,4
317: c3_lazy_32,26,23,4
318: c3_lazy_32,25,23,4
319: c3_lazy_32,5,23,4
320: c3_lazy_32,4,23,4
321: c3_lazy_32,3,23,4
322: c3_lazy_32,22,23,4
323: c3_lazy_8,5,1,0
324: c3_lazy_8,4,1,0
325: c3_lazy_8,3,1,0
326: c3_lazy_8,2,1,0
327: c3_lazy_17,15,11,1
328: c3_lazy_17,14,11,1
329: c3_lazy_30,23,24,2
330: c3_lazy_31,30,10,3
331: c3_lazy_31,29,10,3
332: c3_lazy_31,28,10,3
333: c3_lazy_31,27,10,3
334: c3_lazy_31,26,10,3
335: c3_lazy_31,25,10,3
336: c3_lazy_31,6,10,3
337: c3_lazy_31,7,10,3
338: c3_lazy_31,8,10,3
339: c3_lazy_31,9,10,3
340: c3_lazy_32,31,9,4
341: c3_lazy_32,30,9,4
342: c3_lazy_32,29,9,4
343: c3_lazy_32,28,9,4
344: c3_lazy_32,27,9,4
345: c3_lazy_32,26,9,4
346: c3_lazy_32,25,9,4
347: c3_lazy_32,6,9,4
348: c3_lazy_32,7,9,4
349: c3_lazy_32,8,9,4
350: c3_lazy_7,5,1,0
351: c3_lazy_7,4,1,0
352: c3_lazy_7,3,1,0
353: c3_lazy_7,2,1,0
354: c3_lazy_17,15,9,1
355: c3_lazy_17,14,9,1
356: c3_lazy_17,11,9,1
357: c3_lazy_17,10,9,1
358: c3_lazy_30,6,10,2
359: c3_lazy_30,7,10,2
360: c3_lazy_30,8,10,2
361: c3_lazy_30,9,10,2
362: c3_lazy_31,30,11,3
363: c3_lazy_31,29,11,3
364: c3_lazy_31,28,11,3
365: c3_lazy_31,27,11,3
366: c3_lazy_31,26,11,3
367: c3_lazy_31,25,11,3
368: c3_lazy_31,6,11,3
369: c3_lazy_31,7,11,3
370: c3_lazy_31,8,11,3
371: c3_lazy_31,9,11,3
372: c3_lazy_31,10,11,3
373: c3_lazy_32,31,15,4
374: c3_lazy_32,30,15,4
375: c3_lazy_32,29,15,4
376: c3_lazy_32,28,15,4
377: c3_lazy_32,27,15,4
378: c3_lazy_32,26,15,4
379: c3_lazy_32,25,15,4
380: c3_lazy_32,6,15,4
381: c3_lazy_32,7,15,4
382: c3_lazy_32,9,15,4
383: c3_lazy_32,10,15,4
384: c3_lazy_32,11,15,4
385: c3_lazy_32,12,15,4
386: c3_lazy_32,13,15,4
387: c3_lazy_32,14,15,4
388: c3_lazy_28,7,10,0
389: c3_lazy_30,29,7,2
390: c3_lazy_30,28,7,2
391: c3_lazy_30,27,7,2
392: c3_lazy_30,26,7,2
393: c3_lazy_30,25,7,2
394: c3_lazy_30,6,7,2
395: c3_lazy_31,30,17,3
396: c3_lazy_31,29,17,3
397: c3_lazy_31,28,17,3
398: c3_lazy_31,27,17,3
399: c3_lazy_31,26,17,3
400: c3_lazy_31,25,17,3
401: c3_lazy_31,6,17,3
402: c3_lazy_31,7,17,3
403: c3_lazy_31,8,17,3
404: c3_lazy_31,9,17,3
405: c3_lazy_31,10,17,3
406: c3_lazy_31,11,17,3
407: c3_lazy_31,12,17,3
408: c3_lazy_31,13,17,3
409: c3_lazy_31,14,17,3
410: c3_lazy_31,15,17,3
411: c3_lazy_31,16,17,3
412: c3_lazy_17,15,5,0
413: c3_lazy_17,14,5,0
414: c3_lazy_17,10,5,0
415: c3_lazy_17,9,5,0
416: c3_lazy_25,5,19,1
417: c3_lazy_25,4,19,1
418: c3_lazy_25,3,19,1
419: c3_lazy_25,2,19,1
420: c3_lazy_25,18,19,1
421: c3_lazy_30,29,22,2
422: c3_lazy_30,28,22,2
423: c3_lazy_30,25,22,2
424: c3_lazy_30,5,22,2
425: c3_lazy_30,4,22,2
426: c3_lazy_30,3,22,2
427: c3_lazy_31,30,29,3
428: c3_lazy_32,31,3,4
429: c3_lazy_32,30,3,4
430: c3_lazy_32,29,3,4
431: c3_lazy_32,28,3,4
432: c3_lazy_32,27,3,4
433: c3_lazy_32,26,3,4
434: c3_lazy_32,25,3,4
435: c3_lazy_32,5,3,4
436: c3_lazy_32,4,3,4
437: c3_lazy_27,7,10,0
438: c3_lazy_28,27,7,1
439: c3_lazy_28,26,7,1
440: c3_lazy_28,25,7,1
441: c3_lazy_28,6,7,1
442: c3_lazy_26,18,19,0
443: c3_lazy_28,27,22,1
444: c3_lazy_28,26,22,1
445: c3_lazy_28,25,22,1
446: c3_lazy_28,5,22,1
447: c3_lazy_28,4,22,1
448: c3_lazy_28,3,22,1
449: c3_lazy_30,28,27,2
450: c3_lazy_32,31,7,4
451: c3_lazy_32,30,7,4
452: c3_lazy_32,29,7,4
453: c3_lazy_32,28,7,4
454: c3_lazy_32,27,7,4
455: c3_lazy_32,26,7,4
456: c3_lazy_32,25,7,4
457: c3_lazy_32,6,7,4
458: c3_lazy_25,7,10,0
459: c3_lazy_29,27,19,1
460: c3_lazy_29,26,19,1
461: c3_lazy_29,25,19,1
462: c3_lazy_29,5,19,1
463: c3_lazy_29,4,19,1
464: c3_lazy_29,3,19,1
465: c3_lazy_29,2,19,1
466: c3_lazy_30,29,26,2
467: c3_lazy_30,28,26,2
468: c3_lazy_30,27,26,2
469: c3_lazy_31,30,21,3
470: c3_lazy_31,29,21,3
471: c3_lazy_31,28,21,3
472: c3_lazy_31,27,21,3
473: c3_lazy_31,26,21,3
474: c3_lazy_31,25,21,3
475: c3_lazy_31,5,21,3
476: c3_lazy_31,4,21,3
477: c3_lazy_31,3,21,3
478: c3_lazy_31,2,21,3
479: c3_lazy_31,18,21,3
480: c3_lazy_31,19,21,3
481: c3_lazy_31,20,21,3
482: c3_lazy_32,31,27,4
483: c3_lazy_32,30,27,4
484: c3_lazy_32,29,27,4
485: c3_lazy_32,28,27,4
486: c3_lazy_27,26,25,0
487: c3_lazy_28,27,23,1
488: c3_lazy_28,26,23,1
489: c3_lazy_28,25,23,1
490: c3_lazy_28,5,23,1
491: c3_lazy_28,4,23,1
492: c3_lazy_28,3,23,1
493: c3_lazy_28,22,23,1
494: c3_lazy_29,28,19,2
495: c3_lazy_29,27,19,2
496: c3_lazy_29,25,19,2
497: c3_lazy_29,5,19,2
498: c3_lazy_29,4,19,2
499: c3_lazy_29,3,19,2
500: c3_lazy_29,2,19,2
501: c3_lazy_29,18,19,2
502: c3_lazy_22,5,9,0
503: c3_lazy_22,8,9,0
504: c3_lazy_25,4,24,1
505: c3_lazy_25,3,24,1
506: c3_lazy_25,22,24,1
507: c3_lazy_28,25,19,2
508: c3_lazy_28,5,19,2
509: c3_lazy_28,4,19,2
510: c3_lazy_28,3,19,2
511: c3_lazy_28,2,19,2
512: c3_lazy_22,10,15,0
513: c3_lazy_26,6,10,1
514: c3_lazy_26,7,10,1
515: c3_lazy_26,8,10,1
516: c3_lazy_26,9,10,1
517: c3_lazy_27,26,19,2
518: c3_lazy_27,25,19,2
519: c3_lazy_27,5,19,2
520: c3_lazy_27,4,19,2
521: c3_lazy_27,3,19,2
522: c3_lazy_27,2,19,2
523: c3_lazy_17,12,4,0
524: c3_lazy_17,10,4,0
525: c3_lazy_17,5,4,0
526: c3_lazy_23,22,19,1
527: c3_lazy_23,2,19,1
528: c3_lazy_23,18,19,1
529: c3_lazy_27,5,22,2
530: c3_lazy_27,4,22,2
531: c3_lazy_27,3,22,2
532: c3_lazy_31,27,18,3
533: c3_lazy_31,26,18,3
534: c3_lazy_31,25,18,3
535: c3_lazy_31,5,18,3
536: c3_lazy_31,4,18,3
537: c3_lazy_31,3,18,3
538: c3_lazy_31,2,18,3
539: c3_lazy_30,29,0,2
540: c3_lazy_30,28,0,2
541: c3_lazy_30,27,0,2
542: c3_lazy_30,26,0,2
543: c3_lazy_30,25,0,2
544: c3_lazy_30,5,0,2
545: c3_lazy_30,4,0,2
546: c3_lazy_30,3,0,2
547: c3_lazy_30,2,0,2
548: c3_lazy_30,1,0,2
549: c3_lazy_32,31,21,4
550: c3_lazy_32,30,21,4
551: c3_lazy_32,29,21,4
552: c3_lazy_32,28,21,4
553: c3_lazy_32,27,21,4
554: c3_lazy_32,26,21,4
555: c3_lazy_32,25,21,4
556: c3_lazy_32,5,21,4
557: c3_lazy_32,4,21,4
558: c3_lazy_32,3,21,4
559: c3_lazy_32,2,21,4
560: c3_lazy_32,18,21,4
561: c3_lazy_32,19,21,4
562: c3_lazy_32,20,21,4
563: c3_lazy_17,10,9,0
564: c3_lazy_25,6,10,1
565: c3_lazy_25,7,10,1
566: c3_lazy_25,8,10,1
567: c3_lazy_25,9,10,1
568: c3_lazy_26,25,19,2
569: c3_lazy_26,5,19,2
570: c3_lazy_26,4,19,2
571: c3_lazy_26,3,19,2
572: c3_lazy_26,2,19,2
573: c3_lazy_17,15,1,0
574: c3_lazy_17,10,1,0
575: c3_lazy_17,9,1,0
576: c3_lazy_17,5,1,0
577: c3_lazy_17,4,1,0
578: c3_lazy_17,3,1,0
579: c3_lazy_17,2,1,0
580: c3_lazy_23,22,10,1
581: c3_lazy_23,3,10,1
582: c3_lazy_23,4,10,1
583: c3_lazy_23,5,10,1
584: c3_lazy_23,6,10,1
585: c3_lazy_23,7,10,1
586: c3_lazy_23,8,10,1
587: c3_lazy_27,23,24,2
588: c3_lazy_15,13,12,0
589: c3_lazy_25,12,16,1
590: c3_lazy_25,14,16,1
591: c3_lazy_25,15,16,1
592: c3_lazy_28,25,17,2
593: c3_lazy_28,6,17,2
594: c3_lazy_28,7,17,2
595: c3_lazy_28,8,17,2
596: c3_lazy_28,9,17,2
597: c3_lazy_28,10,17,2
598: c3_lazy_28,11,17,2
599: c3_lazy_28,12,17,2
600: c3_lazy_28,13,17,2
601: c3_lazy_28,14,17,2
602: c3_lazy_28,15,17,2
603: c3_lazy_28,16,17,2
604: c3_lazy_15,11,9,0
605: c3_lazy_15,10,9,0
606: c3_lazy_24,22,20,1
607: c3_lazy_24,2,20,1
608: c3_lazy_24,18,20,1
609: c3_lazy_24,19,20,1
610: c3_lazy_28,6,10,2
611: c3_lazy_28,7,10,2
612: c3_lazy_28,8,10,2
613: c3_lazy_28,9,10,2
614: c3_lazy_32,31,17,4
615: c3_lazy_32,30,17,4
616: c3_lazy_32,29,17,4
617: c3_lazy_32,28,17,4
618: c3_lazy_32,27,17,4
619: c3_lazy_32,26,17,4
620: c3_lazy_32,25,17,4
621: c3_lazy_32,6,17,4
622: c3_lazy_32,7,17,4
623: c3_lazy_32,8,17,4
624: c3_lazy_32,9,17,4
625: c3_lazy_32,10,17,4
626: c3_lazy_32,11,17,4
627: c3_lazy_32,12,17,4
628: c3_lazy_32,13,17,4
629: c3_lazy_32,14,17,4
630: c3_lazy_32,15,17,4
631: c3_lazy_32,16,17,4
632: c3_lazy_28,12,15,0
633: c3_lazy_32,31,12,4
634: c3_lazy_32,30,12,4
635: c3_lazy_32,29,12,4
636: c3_lazy_32,28,12,4
637: c3_lazy_32,27,12,4
638: c3_lazy_32,26,12,4
639: c3_lazy_32,25,12,4
640: c3_lazy_32,6,12,4
641: c3_lazy_32,7,12,4
642: c3_lazy_32,8,12,4
643: c3_lazy_32,9,12,4
644: c3_lazy_32,10,12,4
645: c3_lazy_32,11,12,4
646: c3_lazy_13,10,9,0
647: c3_lazy_21,20,10,1
648: c3_lazy_21,19,10,1
649: c3_lazy_21,18,10,1
650: c3_lazy_21,2,10,1
651: c3_lazy_21,3,10,1
652: c3_lazy_21,4,10,1
653: c3_lazy_21,5,10,1
654: c3_lazy_21,6,10,1
655: c3_lazy_21,7,10,1
656: c3_lazy_21,8,10,1
657: c3_lazy_21,9,10,1
658: c3_lazy_27,6,15,2
659: c3_lazy_27,7,15,2
660: c3_lazy_27,8,15,2
661: c3_lazy_27,9,15,2
662: c3_lazy_27,10,15,2
663: c3_lazy_27,11,15,2
664: c3_lazy_27,12,15,2
665: c3_lazy_27,13,15,2
666: c3_lazy_27,14,15,2
667: c3_lazy_31,27,14,3
668: c3_lazy_31,26,14,3
669: c3_lazy_31,25,14,3
670: c3_lazy_31,6,14,3
671: c3_lazy_31,7,14,3
672: c3_lazy_31,8,14,3
673: c3_lazy_31,9,14,3
674: c3_lazy_31,10,14,3
675: c3_lazy_31,11,14,3
676: c3_lazy_31,12,14,3
677: c3_lazy_31,13,14,3
678: c3_lazy_32,31,8,4
679: c3_lazy_32,30,8,4
680: c3_lazy_32,29,8,4
681: c3_lazy_32,28,8,4
682: c3_lazy_32,27,8,4
683: c3_lazy_32,26,8,4
684: c3_lazy_32,25,8,4
685: c3_lazy_32,6,8,4
686: c3_lazy_32,7,8,4
687: c3_lazy_14,11,9,0
688: c3_lazy_14,10,9,0
689: c3_lazy_24,22,10,1
690: c3_lazy_24,3,10,1
691: c3_lazy_24,4,10,1
692: c3_lazy_24,5,10,1
693: c3_lazy_24,7,10,1
694: c3_lazy_24,8,10,1
695: c3_lazy_24,9,10,1
696: c3_lazy_26,6,15,2
697: c3_lazy_26,7,15,2
698: c3_lazy_26,8,15,2
699: c3_lazy_26,9,15,2
700: c3_lazy_26,10,15,2
701: c3_lazy_26,11,15,2
702: c3_lazy_26,12,15,2
703: c3_lazy_26,13,15,2
704: c3_lazy_26,14,15,2
705: c3_lazy_27,26,19,0
70